<?xml version="1.0" encoding="UTF-8"?>
<!-- Generated by org.testng.reporters.JUnitReportReporter -->
<testsuite skipped="0" hostname="WIN-16OECDM136N" name="com.mycompany.app.TestRunner" tests="1" failures="0" timestamp="25 Jun 2018 19:27:17 GMT" time="0.078" errors="0">
  <testcase name="test" time="0.078" classname="com.mycompany.app.TestRunner"/>
</testsuite> <!-- com.mycompany.app.TestRunner -->
