<?xml version="1.0" encoding="UTF-8"?>
<!-- Generated by org.testng.reporters.JUnitReportReporter -->
<testsuite skipped="0" hostname="WIN-16OECDM136N" name="com.mycompany.app.AppiumTest" tests="2" failures="0" timestamp="25 Jun 2018 17:52:44 GMT" time="0.062" errors="0">
  <testcase name="NativeAppAndroid" time="0.000" classname="com.mycompany.app.AppiumTest"/>
  <testcase name="IOSApps" time="0.062" classname="com.mycompany.app.AppiumTest"/>
</testsuite> <!-- com.mycompany.app.AppiumTest -->
